<?xml version="1.0" encoding="UTF-8"?>
<!-- Generated by org.testng.reporters.JUnitXMLReporter -->
<testsuite hostname="MSI-PC" ignored="0" name="Test" tests="3" failures="0" timestamp="17 Mar 2019 01:10:29 GMT" time="40.917" errors="0">
  <testcase name="feature" time="21.435" classname="cucumber.api.testng.AbstractTestNGCucumberTests"/>
  <testcase name="feature" time="8.709" classname="cucumber.api.testng.AbstractTestNGCucumberTests"/>
  <testcase name="feature" time="9.603" classname="cucumber.api.testng.AbstractTestNGCucumberTests"/>
</testsuite> <!-- Test -->
